

Started GET "/" for 127.0.0.1 at 2013-06-27 00:07:45 -0300

Gem::LoadError (Specified 'sqlite3' for database adapter, but the gem is not loaded. Add `gem 'sqlite3'` to your Gemfile.):
  activerecord (4.0.0) lib/active_record/connection_adapters/connection_specification.rb:58:in `rescue in resolve_hash_connection'
  activerecord (4.0.0) lib/active_record/connection_adapters/connection_specification.rb:55:in `resolve_hash_connection'
  activerecord (4.0.0) lib/active_record/connection_adapters/connection_specification.rb:46:in `resolve_string_connection'
  activerecord (4.0.0) lib/active_record/connection_adapters/connection_specification.rb:30:in `spec'
  activerecord (4.0.0) lib/active_record/connection_handling.rb:39:in `establish_connection'
  activerecord (4.0.0) lib/active_record/railtie.rb:175:in `block (2 levels) in <class:Railtie>'
  activesupport (4.0.0) lib/active_support/lazy_load_hooks.rb:38:in `instance_eval'
  activesupport (4.0.0) lib/active_support/lazy_load_hooks.rb:38:in `execute_hook'
  activesupport (4.0.0) lib/active_support/lazy_load_hooks.rb:45:in `block in run_load_hooks'
  activesupport (4.0.0) lib/active_support/lazy_load_hooks.rb:44:in `each'
  activesupport (4.0.0) lib/active_support/lazy_load_hooks.rb:44:in `run_load_hooks'
  activerecord (4.0.0) lib/active_record/base.rb:322:in `<module:ActiveRecord>'
  activerecord (4.0.0) lib/active_record/base.rb:22:in `<top (required)>'
  activerecord (4.0.0) lib/active_record/query_cache.rb:50:in `restore_query_cache_settings'
  activerecord (4.0.0) lib/active_record/query_cache.rb:43:in `rescue in call'
  activerecord (4.0.0) lib/active_record/query_cache.rb:32:in `call'
  activerecord (4.0.0) lib/active_record/connection_adapters/abstract/connection_pool.rb:626:in `call'
  activerecord (4.0.0) lib/active_record/migration.rb:369:in `call'
  actionpack (4.0.0) lib/action_dispatch/middleware/callbacks.rb:29:in `block in call'
  activesupport (4.0.0) lib/active_support/callbacks.rb:373:in `_run__1806516414812195337__call__callbacks'
  activesupport (4.0.0) lib/active_support/callbacks.rb:80:in `run_callbacks'
  actionpack (4.0.0) lib/action_dispatch/middleware/callbacks.rb:27:in `call'
  actionpack (4.0.0) lib/action_dispatch/middleware/reloader.rb:64:in `call'
  actionpack (4.0.0) lib/action_dispatch/middleware/remote_ip.rb:76:in `call'
  actionpack (4.0.0) lib/action_dispatch/middleware/debug_exceptions.rb:17:in `call'
  actionpack (4.0.0) lib/action_dispatch/middleware/show_exceptions.rb:30:in `call'
  railties (4.0.0) lib/rails/rack/logger.rb:38:in `call_app'
  railties (4.0.0) lib/rails/rack/logger.rb:21:in `block in call'
  activesupport (4.0.0) lib/active_support/tagged_logging.rb:67:in `block in tagged'
  activesupport (4.0.0) lib/active_support/tagged_logging.rb:25:in `tagged'
  activesupport (4.0.0) lib/active_support/tagged_logging.rb:67:in `tagged'
  railties (4.0.0) lib/rails/rack/logger.rb:21:in `call'
  actionpack (4.0.0) lib/action_dispatch/middleware/request_id.rb:21:in `call'
  rack (1.5.2) lib/rack/methodoverride.rb:21:in `call'
  rack (1.5.2) lib/rack/runtime.rb:17:in `call'
  activesupport (4.0.0) lib/active_support/cache/strategy/local_cache.rb:83:in `call'
  rack (1.5.2) lib/rack/lock.rb:17:in `call'
  actionpack (4.0.0) lib/action_dispatch/middleware/static.rb:64:in `call'
  railties (4.0.0) lib/rails/engine.rb:511:in `call'
  railties (4.0.0) lib/rails/application.rb:97:in `call'
  rack (1.5.2) lib/rack/content_length.rb:14:in `call'
  thin (1.5.1) lib/thin/connection.rb:81:in `block in pre_process'
  thin (1.5.1) lib/thin/connection.rb:79:in `catch'
  thin (1.5.1) lib/thin/connection.rb:79:in `pre_process'
  thin (1.5.1) lib/thin/connection.rb:54:in `process'
  thin (1.5.1) lib/thin/connection.rb:39:in `receive_data'
  eventmachine (1.0.3) lib/eventmachine.rb:187:in `run_machine'
  eventmachine (1.0.3) lib/eventmachine.rb:187:in `run'
  thin (1.5.1) lib/thin/backends/base.rb:63:in `start'
  thin (1.5.1) lib/thin/server.rb:159:in `start'
  rack (1.5.2) lib/rack/handler/thin.rb:16:in `run'
  rack (1.5.2) lib/rack/server.rb:264:in `start'
  railties (4.0.0) lib/rails/commands/server.rb:84:in `start'
  railties (4.0.0) lib/rails/commands.rb:78:in `block in <top (required)>'
  railties (4.0.0) lib/rails/commands.rb:73:in `tap'
  railties (4.0.0) lib/rails/commands.rb:73:in `<top (required)>'
  bin/rails:4:in `require'
  bin/rails:4:in `<main>'


  Rendered /usr/local/var/rbenv/versions/2.0.0-p195/lib/ruby/gems/2.0.0/gems/actionpack-4.0.0/lib/action_dispatch/middleware/templates/rescues/_source.erb (0.5ms)
  Rendered /usr/local/var/rbenv/versions/2.0.0-p195/lib/ruby/gems/2.0.0/gems/actionpack-4.0.0/lib/action_dispatch/middleware/templates/rescues/_trace.erb (0.9ms)
  Rendered /usr/local/var/rbenv/versions/2.0.0-p195/lib/ruby/gems/2.0.0/gems/actionpack-4.0.0/lib/action_dispatch/middleware/templates/rescues/_request_and_response.erb (0.8ms)
  Rendered /usr/local/var/rbenv/versions/2.0.0-p195/lib/ruby/gems/2.0.0/gems/actionpack-4.0.0/lib/action_dispatch/middleware/templates/rescues/diagnostics.erb within rescues/layout (16.7ms)


Started GET "/" for 127.0.0.1 at 2013-06-27 00:08:00 -0300

Gem::LoadError (Specified 'sqlite3' for database adapter, but the gem is not loaded. Add `gem 'sqlite3'` to your Gemfile.):
  activerecord (4.0.0) lib/active_record/connection_adapters/connection_specification.rb:58:in `rescue in resolve_hash_connection'
  activerecord (4.0.0) lib/active_record/connection_adapters/connection_specification.rb:55:in `resolve_hash_connection'
  activerecord (4.0.0) lib/active_record/connection_adapters/connection_specification.rb:46:in `resolve_string_connection'
  activerecord (4.0.0) lib/active_record/connection_adapters/connection_specification.rb:30:in `spec'
  activerecord (4.0.0) lib/active_record/connection_handling.rb:39:in `establish_connection'
  activerecord (4.0.0) lib/active_record/railtie.rb:175:in `block (2 levels) in <class:Railtie>'
  activesupport (4.0.0) lib/active_support/lazy_load_hooks.rb:38:in `instance_eval'
  activesupport (4.0.0) lib/active_support/lazy_load_hooks.rb:38:in `execute_hook'
  activesupport (4.0.0) lib/active_support/lazy_load_hooks.rb:45:in `block in run_load_hooks'
  activesupport (4.0.0) lib/active_support/lazy_load_hooks.rb:44:in `each'
  activesupport (4.0.0) lib/active_support/lazy_load_hooks.rb:44:in `run_load_hooks'
  activerecord (4.0.0) lib/active_record/base.rb:322:in `<module:ActiveRecord>'
  activerecord (4.0.0) lib/active_record/base.rb:22:in `<top (required)>'
  activerecord (4.0.0) lib/active_record/query_cache.rb:50:in `restore_query_cache_settings'
  activerecord (4.0.0) lib/active_record/query_cache.rb:43:in `rescue in call'
  activerecord (4.0.0) lib/active_record/query_cache.rb:32:in `call'
  activerecord (4.0.0) lib/active_record/connection_adapters/abstract/connection_pool.rb:626:in `call'
  activerecord (4.0.0) lib/active_record/migration.rb:369:in `call'
  actionpack (4.0.0) lib/action_dispatch/middleware/callbacks.rb:29:in `block in call'
  activesupport (4.0.0) lib/active_support/callbacks.rb:373:in `_run__803049644588076997__call__callbacks'
  activesupport (4.0.0) lib/active_support/callbacks.rb:80:in `run_callbacks'
  actionpack (4.0.0) lib/action_dispatch/middleware/callbacks.rb:27:in `call'
  actionpack (4.0.0) lib/action_dispatch/middleware/reloader.rb:64:in `call'
  actionpack (4.0.0) lib/action_dispatch/middleware/remote_ip.rb:76:in `call'
  actionpack (4.0.0) lib/action_dispatch/middleware/debug_exceptions.rb:17:in `call'
  actionpack (4.0.0) lib/action_dispatch/middleware/show_exceptions.rb:30:in `call'
  railties (4.0.0) lib/rails/rack/logger.rb:38:in `call_app'
  railties (4.0.0) lib/rails/rack/logger.rb:21:in `block in call'
  activesupport (4.0.0) lib/active_support/tagged_logging.rb:67:in `block in tagged'
  activesupport (4.0.0) lib/active_support/tagged_logging.rb:25:in `tagged'
  activesupport (4.0.0) lib/active_support/tagged_logging.rb:67:in `tagged'
  railties (4.0.0) lib/rails/rack/logger.rb:21:in `call'
  actionpack (4.0.0) lib/action_dispatch/middleware/request_id.rb:21:in `call'
  rack (1.5.2) lib/rack/methodoverride.rb:21:in `call'
  rack (1.5.2) lib/rack/runtime.rb:17:in `call'
  activesupport (4.0.0) lib/active_support/cache/strategy/local_cache.rb:83:in `call'
  rack (1.5.2) lib/rack/lock.rb:17:in `call'
  actionpack (4.0.0) lib/action_dispatch/middleware/static.rb:64:in `call'
  railties (4.0.0) lib/rails/engine.rb:511:in `call'
  railties (4.0.0) lib/rails/application.rb:97:in `call'
  rack (1.5.2) lib/rack/content_length.rb:14:in `call'
  thin (1.5.1) lib/thin/connection.rb:81:in `block in pre_process'
  thin (1.5.1) lib/thin/connection.rb:79:in `catch'
  thin (1.5.1) lib/thin/connection.rb:79:in `pre_process'
  thin (1.5.1) lib/thin/connection.rb:54:in `process'
  thin (1.5.1) lib/thin/connection.rb:39:in `receive_data'
  eventmachine (1.0.3) lib/eventmachine.rb:187:in `run_machine'
  eventmachine (1.0.3) lib/eventmachine.rb:187:in `run'
  thin (1.5.1) lib/thin/backends/base.rb:63:in `start'
  thin (1.5.1) lib/thin/server.rb:159:in `start'
  rack (1.5.2) lib/rack/handler/thin.rb:16:in `run'
  rack (1.5.2) lib/rack/server.rb:264:in `start'
  railties (4.0.0) lib/rails/commands/server.rb:84:in `start'
  railties (4.0.0) lib/rails/commands.rb:78:in `block in <top (required)>'
  railties (4.0.0) lib/rails/commands.rb:73:in `tap'
  railties (4.0.0) lib/rails/commands.rb:73:in `<top (required)>'
  bin/rails:4:in `require'
  bin/rails:4:in `<main>'


  Rendered /usr/local/var/rbenv/versions/2.0.0-p195/lib/ruby/gems/2.0.0/gems/actionpack-4.0.0/lib/action_dispatch/middleware/templates/rescues/_source.erb (0.4ms)
  Rendered /usr/local/var/rbenv/versions/2.0.0-p195/lib/ruby/gems/2.0.0/gems/actionpack-4.0.0/lib/action_dispatch/middleware/templates/rescues/_trace.erb (0.9ms)
  Rendered /usr/local/var/rbenv/versions/2.0.0-p195/lib/ruby/gems/2.0.0/gems/actionpack-4.0.0/lib/action_dispatch/middleware/templates/rescues/_request_and_response.erb (0.7ms)
  Rendered /usr/local/var/rbenv/versions/2.0.0-p195/lib/ruby/gems/2.0.0/gems/actionpack-4.0.0/lib/action_dispatch/middleware/templates/rescues/diagnostics.erb within rescues/layout (13.5ms)
  [1m[36m (63.5ms)[0m  [1mCREATE TABLE "schema_migrations" ("version" character varying(255) NOT NULL) [0m
  [1m[35m (1.8ms)[0m  CREATE UNIQUE INDEX "unique_schema_migrations" ON "schema_migrations" ("version")
  [1m[36mActiveRecord::SchemaMigration Load (0.4ms)[0m  [1mSELECT "schema_migrations".* FROM "schema_migrations"[0m
  [1m[36mActiveRecord::SchemaMigration Load (0.2ms)[0m  [1mSELECT "schema_migrations".* FROM "schema_migrations"[0m
  [1m[36mActiveRecord::SchemaMigration Load (0.2ms)[0m  [1mSELECT "schema_migrations".* FROM "schema_migrations"[0m
  [1m[36mActiveRecord::SchemaMigration Load (0.2ms)[0m  [1mSELECT "schema_migrations".* FROM "schema_migrations"[0m
  [1m[36mActiveRecord::SchemaMigration Load (0.2ms)[0m  [1mSELECT "schema_migrations".* FROM "schema_migrations"[0m
  [1m[36mActiveRecord::SchemaMigration Load (0.2ms)[0m  [1mSELECT "schema_migrations".* FROM "schema_migrations"[0m
  [1m[36mActiveRecord::SchemaMigration Load (0.2ms)[0m  [1mSELECT "schema_migrations".* FROM "schema_migrations"[0m
  [1m[36mActiveRecord::SchemaMigration Load (0.2ms)[0m  [1mSELECT "schema_migrations".* FROM "schema_migrations"[0m
  [1m[36mActiveRecord::SchemaMigration Load (0.2ms)[0m  [1mSELECT "schema_migrations".* FROM "schema_migrations"[0m
  [1m[36mActiveRecord::SchemaMigration Load (0.2ms)[0m  [1mSELECT "schema_migrations".* FROM "schema_migrations"[0m


Started GET "/" for 127.0.0.1 at 2013-06-27 00:43:50 -0300
Processing by Rails::WelcomeController#index as HTML
  Rendered /usr/local/var/rbenv/versions/2.0.0-p195/lib/ruby/gems/2.0.0/gems/railties-4.0.0/lib/rails/templates/rails/welcome/index.html.erb (1.3ms)
Completed 200 OK in 46ms (Views: 20.7ms | ActiveRecord: 0.0ms)


Started GET "/" for 127.0.0.1 at 2013-06-27 00:44:12 -0300
Processing by Rails::WelcomeController#index as HTML
  Rendered /usr/local/var/rbenv/versions/2.0.0-p195/lib/ruby/gems/2.0.0/gems/railties-4.0.0/lib/rails/templates/rails/welcome/index.html.erb (0.1ms)
Completed 200 OK in 2ms (Views: 1.4ms | ActiveRecord: 0.0ms)


Started GET "/" for 127.0.0.1 at 2013-06-27 00:44:13 -0300
Processing by Rails::WelcomeController#index as HTML
  Rendered /usr/local/var/rbenv/versions/2.0.0-p195/lib/ruby/gems/2.0.0/gems/railties-4.0.0/lib/rails/templates/rails/welcome/index.html.erb (0.0ms)
Completed 200 OK in 1ms (Views: 1.3ms | ActiveRecord: 0.0ms)


Started GET "/" for 127.0.0.1 at 2013-06-28 17:42:18 -0300
Processing by Rails::WelcomeController#index as HTML
  Rendered /usr/local/var/rbenv/versions/2.0.0-p195/lib/ruby/gems/2.0.0/gems/railties-4.0.0/lib/rails/templates/rails/welcome/index.html.erb (4.7ms)
Completed 200 OK in 29ms (Views: 9.5ms | ActiveRecord: 0.0ms)


Started GET "/" for 127.0.0.1 at 2013-06-28 17:44:20 -0300
  [1m[36mActiveRecord::SchemaMigration Load (0.5ms)[0m  [1mSELECT "schema_migrations".* FROM "schema_migrations"[0m

ActiveRecord::PendingMigrationError (Migrations are pending; run 'rake db:migrate RAILS_ENV=development' to resolve this issue.):
  activerecord (4.0.0) lib/active_record/migration.rb:379:in `check_pending!'
  activerecord (4.0.0) lib/active_record/migration.rb:366:in `call'
  actionpack (4.0.0) lib/action_dispatch/middleware/callbacks.rb:29:in `block in call'
  activesupport (4.0.0) lib/active_support/callbacks.rb:373:in `_run__4130032732535630951__call__callbacks'
  activesupport (4.0.0) lib/active_support/callbacks.rb:80:in `run_callbacks'
  actionpack (4.0.0) lib/action_dispatch/middleware/callbacks.rb:27:in `call'
  actionpack (4.0.0) lib/action_dispatch/middleware/reloader.rb:64:in `call'
  actionpack (4.0.0) lib/action_dispatch/middleware/remote_ip.rb:76:in `call'
  actionpack (4.0.0) lib/action_dispatch/middleware/debug_exceptions.rb:17:in `call'
  actionpack (4.0.0) lib/action_dispatch/middleware/show_exceptions.rb:30:in `call'
  railties (4.0.0) lib/rails/rack/logger.rb:38:in `call_app'
  railties (4.0.0) lib/rails/rack/logger.rb:21:in `block in call'
  activesupport (4.0.0) lib/active_support/tagged_logging.rb:67:in `block in tagged'
  activesupport (4.0.0) lib/active_support/tagged_logging.rb:25:in `tagged'
  activesupport (4.0.0) lib/active_support/tagged_logging.rb:67:in `tagged'
  railties (4.0.0) lib/rails/rack/logger.rb:21:in `call'
  actionpack (4.0.0) lib/action_dispatch/middleware/request_id.rb:21:in `call'
  rack (1.5.2) lib/rack/methodoverride.rb:21:in `call'
  rack (1.5.2) lib/rack/runtime.rb:17:in `call'
  activesupport (4.0.0) lib/active_support/cache/strategy/local_cache.rb:83:in `call'
  rack (1.5.2) lib/rack/lock.rb:17:in `call'
  actionpack (4.0.0) lib/action_dispatch/middleware/static.rb:64:in `call'
  railties (4.0.0) lib/rails/engine.rb:511:in `call'
  railties (4.0.0) lib/rails/application.rb:97:in `call'
  rack (1.5.2) lib/rack/content_length.rb:14:in `call'
  thin (1.5.1) lib/thin/connection.rb:81:in `block in pre_process'
  thin (1.5.1) lib/thin/connection.rb:79:in `catch'
  thin (1.5.1) lib/thin/connection.rb:79:in `pre_process'
  thin (1.5.1) lib/thin/connection.rb:54:in `process'
  thin (1.5.1) lib/thin/connection.rb:39:in `receive_data'
  eventmachine (1.0.3) lib/eventmachine.rb:187:in `run_machine'
  eventmachine (1.0.3) lib/eventmachine.rb:187:in `run'
  thin (1.5.1) lib/thin/backends/base.rb:63:in `start'
  thin (1.5.1) lib/thin/server.rb:159:in `start'
  rack (1.5.2) lib/rack/handler/thin.rb:16:in `run'
  rack (1.5.2) lib/rack/server.rb:264:in `start'
  railties (4.0.0) lib/rails/commands/server.rb:84:in `start'
  railties (4.0.0) lib/rails/commands.rb:78:in `block in <top (required)>'
  railties (4.0.0) lib/rails/commands.rb:73:in `tap'
  railties (4.0.0) lib/rails/commands.rb:73:in `<top (required)>'
  bin/rails:4:in `require'
  bin/rails:4:in `<main>'


  Rendered /usr/local/var/rbenv/versions/2.0.0-p195/lib/ruby/gems/2.0.0/gems/actionpack-4.0.0/lib/action_dispatch/middleware/templates/rescues/_source.erb (0.4ms)
  Rendered /usr/local/var/rbenv/versions/2.0.0-p195/lib/ruby/gems/2.0.0/gems/actionpack-4.0.0/lib/action_dispatch/middleware/templates/rescues/_trace.erb (0.8ms)
  Rendered /usr/local/var/rbenv/versions/2.0.0-p195/lib/ruby/gems/2.0.0/gems/actionpack-4.0.0/lib/action_dispatch/middleware/templates/rescues/_request_and_response.erb (0.6ms)
  Rendered /usr/local/var/rbenv/versions/2.0.0-p195/lib/ruby/gems/2.0.0/gems/actionpack-4.0.0/lib/action_dispatch/middleware/templates/rescues/diagnostics.erb within rescues/layout (14.8ms)
  [1m[36mActiveRecord::SchemaMigration Load (0.2ms)[0m  [1mSELECT "schema_migrations".* FROM "schema_migrations"[0m
Migrating to CreatePosts (20130628204411)
  [1m[35m (0.1ms)[0m  BEGIN
  [1m[36m (196.3ms)[0m  [1mCREATE TABLE "posts" ("id" serial primary key, "title" character varying(255), "author_id" integer, "contents" text, "created_at" timestamp, "updated_at" timestamp) [0m
  [1m[35mSQL (6.9ms)[0m  INSERT INTO "schema_migrations" ("version") VALUES ($1)  [["version", "20130628204411"]]
  [1m[36m (0.7ms)[0m  [1mCOMMIT[0m
  [1m[35mActiveRecord::SchemaMigration Load (0.2ms)[0m  SELECT "schema_migrations".* FROM "schema_migrations"


Started GET "/" for 127.0.0.1 at 2013-06-28 17:44:28 -0300
  [1m[35mActiveRecord::SchemaMigration Load (0.1ms)[0m  SELECT "schema_migrations".* FROM "schema_migrations"
Processing by Rails::WelcomeController#index as HTML
  Rendered /usr/local/var/rbenv/versions/2.0.0-p195/lib/ruby/gems/2.0.0/gems/railties-4.0.0/lib/rails/templates/rails/welcome/index.html.erb (0.0ms)
Completed 200 OK in 2ms (Views: 1.3ms | ActiveRecord: 0.0ms)


Started GET "/" for 127.0.0.1 at 2013-06-28 17:44:50 -0300

AbstractController::ActionNotFound (The action 'index' could not be found for PostsController):
  actionpack (4.0.0) lib/abstract_controller/base.rb:131:in `process'
  actionpack (4.0.0) lib/abstract_controller/rendering.rb:44:in `process'
  actionpack (4.0.0) lib/action_controller/metal.rb:195:in `dispatch'
  actionpack (4.0.0) lib/action_controller/metal/rack_delegation.rb:13:in `dispatch'
  actionpack (4.0.0) lib/action_controller/metal.rb:231:in `block in action'
  actionpack (4.0.0) lib/action_dispatch/routing/route_set.rb:80:in `call'
  actionpack (4.0.0) lib/action_dispatch/routing/route_set.rb:80:in `dispatch'
  actionpack (4.0.0) lib/action_dispatch/routing/route_set.rb:48:in `call'
  actionpack (4.0.0) lib/action_dispatch/journey/router.rb:71:in `block in call'
  actionpack (4.0.0) lib/action_dispatch/journey/router.rb:59:in `each'
  actionpack (4.0.0) lib/action_dispatch/journey/router.rb:59:in `call'
  actionpack (4.0.0) lib/action_dispatch/routing/route_set.rb:655:in `call'
  rack (1.5.2) lib/rack/etag.rb:23:in `call'
  rack (1.5.2) lib/rack/conditionalget.rb:25:in `call'
  rack (1.5.2) lib/rack/head.rb:11:in `call'
  actionpack (4.0.0) lib/action_dispatch/middleware/params_parser.rb:27:in `call'
  actionpack (4.0.0) lib/action_dispatch/middleware/flash.rb:241:in `call'
  rack (1.5.2) lib/rack/session/abstract/id.rb:225:in `context'
  rack (1.5.2) lib/rack/session/abstract/id.rb:220:in `call'
  actionpack (4.0.0) lib/action_dispatch/middleware/cookies.rb:486:in `call'
  activerecord (4.0.0) lib/active_record/query_cache.rb:36:in `call'
  activerecord (4.0.0) lib/active_record/connection_adapters/abstract/connection_pool.rb:626:in `call'
  activerecord (4.0.0) lib/active_record/migration.rb:369:in `call'
  actionpack (4.0.0) lib/action_dispatch/middleware/callbacks.rb:29:in `block in call'
  activesupport (4.0.0) lib/active_support/callbacks.rb:373:in `_run__4130032732535630951__call__callbacks'
  activesupport (4.0.0) lib/active_support/callbacks.rb:80:in `run_callbacks'
  actionpack (4.0.0) lib/action_dispatch/middleware/callbacks.rb:27:in `call'
  actionpack (4.0.0) lib/action_dispatch/middleware/reloader.rb:64:in `call'
  actionpack (4.0.0) lib/action_dispatch/middleware/remote_ip.rb:76:in `call'
  actionpack (4.0.0) lib/action_dispatch/middleware/debug_exceptions.rb:17:in `call'
  actionpack (4.0.0) lib/action_dispatch/middleware/show_exceptions.rb:30:in `call'
  railties (4.0.0) lib/rails/rack/logger.rb:38:in `call_app'
  railties (4.0.0) lib/rails/rack/logger.rb:21:in `block in call'
  activesupport (4.0.0) lib/active_support/tagged_logging.rb:67:in `block in tagged'
  activesupport (4.0.0) lib/active_support/tagged_logging.rb:25:in `tagged'
  activesupport (4.0.0) lib/active_support/tagged_logging.rb:67:in `tagged'
  railties (4.0.0) lib/rails/rack/logger.rb:21:in `call'
  actionpack (4.0.0) lib/action_dispatch/middleware/request_id.rb:21:in `call'
  rack (1.5.2) lib/rack/methodoverride.rb:21:in `call'
  rack (1.5.2) lib/rack/runtime.rb:17:in `call'
  activesupport (4.0.0) lib/active_support/cache/strategy/local_cache.rb:83:in `call'
  rack (1.5.2) lib/rack/lock.rb:17:in `call'
  actionpack (4.0.0) lib/action_dispatch/middleware/static.rb:64:in `call'
  railties (4.0.0) lib/rails/engine.rb:511:in `call'
  railties (4.0.0) lib/rails/application.rb:97:in `call'
  rack (1.5.2) lib/rack/content_length.rb:14:in `call'
  thin (1.5.1) lib/thin/connection.rb:81:in `block in pre_process'
  thin (1.5.1) lib/thin/connection.rb:79:in `catch'
  thin (1.5.1) lib/thin/connection.rb:79:in `pre_process'
  thin (1.5.1) lib/thin/connection.rb:54:in `process'
  thin (1.5.1) lib/thin/connection.rb:39:in `receive_data'
  eventmachine (1.0.3) lib/eventmachine.rb:187:in `run_machine'
  eventmachine (1.0.3) lib/eventmachine.rb:187:in `run'
  thin (1.5.1) lib/thin/backends/base.rb:63:in `start'
  thin (1.5.1) lib/thin/server.rb:159:in `start'
  rack (1.5.2) lib/rack/handler/thin.rb:16:in `run'
  rack (1.5.2) lib/rack/server.rb:264:in `start'
  railties (4.0.0) lib/rails/commands/server.rb:84:in `start'
  railties (4.0.0) lib/rails/commands.rb:78:in `block in <top (required)>'
  railties (4.0.0) lib/rails/commands.rb:73:in `tap'
  railties (4.0.0) lib/rails/commands.rb:73:in `<top (required)>'
  bin/rails:4:in `require'
  bin/rails:4:in `<main>'


  Rendered /usr/local/var/rbenv/versions/2.0.0-p195/lib/ruby/gems/2.0.0/gems/actionpack-4.0.0/lib/action_dispatch/middleware/templates/rescues/unknown_action.erb within rescues/layout (0.3ms)


Started GET "/" for 127.0.0.1 at 2013-06-28 17:45:15 -0300
Processing by PostsController#index as HTML
  Rendered posts/index.html.slim within layouts/application (27.6ms)
Completed 200 OK in 491ms (Views: 490.7ms | ActiveRecord: 0.0ms)


Started GET "/assets/application.css?body=1" for 127.0.0.1 at 2013-06-28 17:45:16 -0300


Started GET "/assets/posts.css?body=1" for 127.0.0.1 at 2013-06-28 17:45:16 -0300


Started GET "/assets/jquery.js?body=1" for 127.0.0.1 at 2013-06-28 17:45:16 -0300


Started GET "/assets/jquery_ujs.js?body=1" for 127.0.0.1 at 2013-06-28 17:45:16 -0300


Started GET "/assets/turbolinks.js?body=1" for 127.0.0.1 at 2013-06-28 17:45:16 -0300


Started GET "/assets/posts.js?body=1" for 127.0.0.1 at 2013-06-28 17:45:16 -0300


Started GET "/assets/application.js?body=1" for 127.0.0.1 at 2013-06-28 17:45:16 -0300


Started GET "/" for 127.0.0.1 at 2013-06-28 17:45:16 -0300
Processing by PostsController#index as HTML
  Rendered posts/index.html.slim within layouts/application (0.0ms)
Completed 200 OK in 3ms (Views: 2.6ms | ActiveRecord: 0.0ms)


Started GET "/assets/application.css?body=1" for 127.0.0.1 at 2013-06-28 17:45:16 -0300


Started GET "/assets/turbolinks.js?body=1" for 127.0.0.1 at 2013-06-28 17:45:16 -0300


Started GET "/assets/jquery.js?body=1" for 127.0.0.1 at 2013-06-28 17:45:16 -0300


Started GET "/assets/posts.css?body=1" for 127.0.0.1 at 2013-06-28 17:45:16 -0300


Started GET "/assets/jquery_ujs.js?body=1" for 127.0.0.1 at 2013-06-28 17:45:16 -0300


Started GET "/assets/posts.js?body=1" for 127.0.0.1 at 2013-06-28 17:45:16 -0300


Started GET "/assets/application.js?body=1" for 127.0.0.1 at 2013-06-28 17:45:16 -0300


Started GET "/" for 127.0.0.1 at 2013-06-28 17:54:20 -0300
Processing by PostsController#index as HTML
  Rendered posts/index.html.slim within layouts/application (0.0ms)
Completed 200 OK in 3ms (Views: 2.6ms | ActiveRecord: 0.0ms)


Started GET "/assets/application.css?body=1" for 127.0.0.1 at 2013-06-28 17:54:20 -0300


Started GET "/assets/posts.css?body=1" for 127.0.0.1 at 2013-06-28 17:54:20 -0300


Started GET "/assets/jquery.js?body=1" for 127.0.0.1 at 2013-06-28 17:54:20 -0300


Started GET "/assets/jquery_ujs.js?body=1" for 127.0.0.1 at 2013-06-28 17:54:20 -0300


Started GET "/assets/turbolinks.js?body=1" for 127.0.0.1 at 2013-06-28 17:54:20 -0300


Started GET "/assets/posts.js?body=1" for 127.0.0.1 at 2013-06-28 17:54:20 -0300


Started GET "/assets/application.js?body=1" for 127.0.0.1 at 2013-06-28 17:54:20 -0300
  [1m[36mActiveRecord::SchemaMigration Load (0.2ms)[0m  [1mSELECT "schema_migrations".* FROM "schema_migrations"[0m
  [1m[35mActiveRecord::SchemaMigration Load (0.1ms)[0m  SELECT "schema_migrations".* FROM "schema_migrations"
  [1m[36mActiveRecord::SchemaMigration Load (0.2ms)[0m  [1mSELECT "schema_migrations".* FROM "schema_migrations"[0m
  [1m[35mActiveRecord::SchemaMigration Load (0.1ms)[0m  SELECT "schema_migrations".* FROM "schema_migrations"


Started GET "/" for 127.0.0.1 at 2013-06-28 18:10:56 -0300
Processing by PostsController#index as HTML
  Rendered posts/index.html.slim within layouts/application (0.0ms)
Completed 200 OK in 3ms (Views: 2.8ms | ActiveRecord: 0.0ms)


Started GET "/assets/application.css?body=1" for 127.0.0.1 at 2013-06-28 18:10:56 -0300


Started GET "/assets/posts.css?body=1" for 127.0.0.1 at 2013-06-28 18:10:56 -0300


Started GET "/assets/jquery.js?body=1" for 127.0.0.1 at 2013-06-28 18:10:56 -0300


Started GET "/assets/jquery_ujs.js?body=1" for 127.0.0.1 at 2013-06-28 18:10:56 -0300


Started GET "/assets/turbolinks.js?body=1" for 127.0.0.1 at 2013-06-28 18:10:56 -0300


Started GET "/assets/posts.js?body=1" for 127.0.0.1 at 2013-06-28 18:10:56 -0300


Started GET "/assets/application.js?body=1" for 127.0.0.1 at 2013-06-28 18:10:56 -0300


Started GET "/" for 127.0.0.1 at 2013-06-28 18:11:00 -0300
Processing by PostsController#index as HTML
  Rendered posts/index.html.slim within layouts/application (0.0ms)
Completed 200 OK in 3ms (Views: 2.5ms | ActiveRecord: 0.0ms)


Started GET "/assets/application.css?body=1" for 127.0.0.1 at 2013-06-28 18:11:00 -0300


Started GET "/assets/posts.css?body=1" for 127.0.0.1 at 2013-06-28 18:11:00 -0300


Started GET "/assets/jquery.js?body=1" for 127.0.0.1 at 2013-06-28 18:11:00 -0300


Started GET "/assets/jquery_ujs.js?body=1" for 127.0.0.1 at 2013-06-28 18:11:00 -0300


Started GET "/assets/turbolinks.js?body=1" for 127.0.0.1 at 2013-06-28 18:11:00 -0300


Started GET "/assets/posts.js?body=1" for 127.0.0.1 at 2013-06-28 18:11:00 -0300


Started GET "/assets/application.js?body=1" for 127.0.0.1 at 2013-06-28 18:11:00 -0300
  [1m[36mActiveRecord::SchemaMigration Load (0.2ms)[0m  [1mSELECT "schema_migrations".* FROM "schema_migrations"[0m
  [1m[35mActiveRecord::SchemaMigration Load (0.1ms)[0m  SELECT "schema_migrations".* FROM "schema_migrations"


Started GET "/" for 127.0.0.1 at 2013-06-28 18:11:25 -0300
  [1m[36mActiveRecord::SchemaMigration Load (0.2ms)[0m  [1mSELECT "schema_migrations".* FROM "schema_migrations"[0m
Processing by PostsController#index as HTML
  Rendered posts/index.html.slim within layouts/application (8.5ms)
Completed 200 OK in 93ms (Views: 80.0ms | ActiveRecord: 0.0ms)


Started GET "/assets/application.css?body=1" for 127.0.0.1 at 2013-06-28 18:11:25 -0300


Started GET "/assets/posts.css?body=1" for 127.0.0.1 at 2013-06-28 18:11:25 -0300


Started GET "/assets/jquery.js?body=1" for 127.0.0.1 at 2013-06-28 18:11:25 -0300


Started GET "/assets/jquery_ujs.js?body=1" for 127.0.0.1 at 2013-06-28 18:11:25 -0300


Started GET "/assets/turbolinks.js?body=1" for 127.0.0.1 at 2013-06-28 18:11:25 -0300


Started GET "/assets/posts.js?body=1" for 127.0.0.1 at 2013-06-28 18:11:25 -0300


Started GET "/assets/application.js?body=1" for 127.0.0.1 at 2013-06-28 18:11:25 -0300


Started GET "/" for 127.0.0.1 at 2013-06-28 18:11:44 -0300
Processing by PostsController#index as HTML
  Rendered posts/index.html.slim within layouts/application (0.0ms)
Completed 200 OK in 3ms (Views: 2.6ms | ActiveRecord: 0.0ms)


Started GET "/assets/application.css?body=1" for 127.0.0.1 at 2013-06-28 18:11:44 -0300


Started GET "/assets/posts.css?body=1" for 127.0.0.1 at 2013-06-28 18:11:44 -0300


Started GET "/assets/jquery.js?body=1" for 127.0.0.1 at 2013-06-28 18:11:44 -0300


Started GET "/assets/jquery_ujs.js?body=1" for 127.0.0.1 at 2013-06-28 18:11:44 -0300


Started GET "/assets/turbolinks.js?body=1" for 127.0.0.1 at 2013-06-28 18:11:44 -0300


Started GET "/assets/posts.js?body=1" for 127.0.0.1 at 2013-06-28 18:11:44 -0300


Started GET "/assets/application.js?body=1" for 127.0.0.1 at 2013-06-28 18:11:44 -0300


Started GET "/" for 127.0.0.1 at 2013-06-28 18:12:43 -0300
Processing by PostsController#index as HTML
  Rendered posts/index.html.slim within layouts/application (0.0ms)
Completed 200 OK in 3ms (Views: 2.6ms | ActiveRecord: 0.0ms)


Started GET "/assets/application.css?body=1" for 127.0.0.1 at 2013-06-28 18:12:43 -0300


Started GET "/assets/posts.css?body=1" for 127.0.0.1 at 2013-06-28 18:12:43 -0300


Started GET "/assets/jquery.js?body=1" for 127.0.0.1 at 2013-06-28 18:12:43 -0300


Started GET "/assets/jquery_ujs.js?body=1" for 127.0.0.1 at 2013-06-28 18:12:43 -0300


Started GET "/assets/turbolinks.js?body=1" for 127.0.0.1 at 2013-06-28 18:12:43 -0300


Started GET "/assets/posts.js?body=1" for 127.0.0.1 at 2013-06-28 18:12:43 -0300


Started GET "/assets/application.js?body=1" for 127.0.0.1 at 2013-06-28 18:12:43 -0300


Started GET "/" for 127.0.0.1 at 2013-06-28 18:20:08 -0300
Processing by PostsController#index as HTML
  Rendered posts/index.html.slim within layouts/application (0.0ms)
Completed 200 OK in 3ms (Views: 2.4ms | ActiveRecord: 0.0ms)


Started GET "/assets/application.css?body=1" for 127.0.0.1 at 2013-06-28 18:20:08 -0300


Started GET "/assets/posts.css?body=1" for 127.0.0.1 at 2013-06-28 18:20:08 -0300


Started GET "/assets/jquery.js?body=1" for 127.0.0.1 at 2013-06-28 18:20:08 -0300


Started GET "/assets/jquery_ujs.js?body=1" for 127.0.0.1 at 2013-06-28 18:20:08 -0300


Started GET "/assets/turbolinks.js?body=1" for 127.0.0.1 at 2013-06-28 18:20:08 -0300


Started GET "/assets/posts.js?body=1" for 127.0.0.1 at 2013-06-28 18:20:08 -0300


Started GET "/assets/application.js?body=1" for 127.0.0.1 at 2013-06-28 18:20:08 -0300


Started GET "/" for 127.0.0.1 at 2013-06-28 18:20:09 -0300
Processing by PostsController#index as HTML
  Rendered posts/index.html.slim within layouts/application (0.0ms)
Completed 200 OK in 3ms (Views: 2.5ms | ActiveRecord: 0.0ms)


Started GET "/assets/application.css?body=1" for 127.0.0.1 at 2013-06-28 18:20:09 -0300


Started GET "/assets/posts.css?body=1" for 127.0.0.1 at 2013-06-28 18:20:09 -0300


Started GET "/assets/jquery.js?body=1" for 127.0.0.1 at 2013-06-28 18:20:09 -0300


Started GET "/assets/jquery_ujs.js?body=1" for 127.0.0.1 at 2013-06-28 18:20:09 -0300


Started GET "/assets/turbolinks.js?body=1" for 127.0.0.1 at 2013-06-28 18:20:09 -0300


Started GET "/assets/posts.js?body=1" for 127.0.0.1 at 2013-06-28 18:20:09 -0300


Started GET "/assets/application.js?body=1" for 127.0.0.1 at 2013-06-28 18:20:09 -0300


Started GET "/" for 127.0.0.1 at 2013-06-28 18:20:21 -0300
Processing by PostsController#index as HTML
  Rendered posts/index.html.slim within layouts/application (0.0ms)
Completed 200 OK in 3ms (Views: 2.5ms | ActiveRecord: 0.0ms)


Started GET "/assets/application.css?body=1" for 127.0.0.1 at 2013-06-28 18:20:21 -0300


Started GET "/assets/posts.css?body=1" for 127.0.0.1 at 2013-06-28 18:20:21 -0300


Started GET "/assets/jquery.js?body=1" for 127.0.0.1 at 2013-06-28 18:20:21 -0300


Started GET "/assets/jquery_ujs.js?body=1" for 127.0.0.1 at 2013-06-28 18:20:21 -0300


Started GET "/assets/turbolinks.js?body=1" for 127.0.0.1 at 2013-06-28 18:20:21 -0300


Started GET "/assets/posts.js?body=1" for 127.0.0.1 at 2013-06-28 18:20:21 -0300


Started GET "/assets/application.js?body=1" for 127.0.0.1 at 2013-06-28 18:20:21 -0300


Started GET "/" for 127.0.0.1 at 2013-06-28 18:25:19 -0300
Processing by PostsController#index as HTML
  Rendered posts/index.html.slim within layouts/application (0.0ms)
Completed 200 OK in 3ms (Views: 2.5ms | ActiveRecord: 0.0ms)


Started GET "/assets/application.css?body=1" for 127.0.0.1 at 2013-06-28 18:25:19 -0300


Started GET "/assets/posts.css?body=1" for 127.0.0.1 at 2013-06-28 18:25:19 -0300


Started GET "/assets/jquery.js?body=1" for 127.0.0.1 at 2013-06-28 18:25:19 -0300


Started GET "/assets/jquery_ujs.js?body=1" for 127.0.0.1 at 2013-06-28 18:25:19 -0300


Started GET "/assets/turbolinks.js?body=1" for 127.0.0.1 at 2013-06-28 18:25:19 -0300


Started GET "/assets/posts.js?body=1" for 127.0.0.1 at 2013-06-28 18:25:19 -0300


Started GET "/assets/application.js?body=1" for 127.0.0.1 at 2013-06-28 18:25:19 -0300


Started GET "/" for 127.0.0.1 at 2013-06-28 18:29:10 -0300
Processing by PostsController#index as HTML
  Rendered posts/index.html.slim within layouts/application (0.0ms)
Completed 200 OK in 3ms (Views: 2.5ms | ActiveRecord: 0.0ms)


Started GET "/assets/application.css?body=1" for 127.0.0.1 at 2013-06-28 18:29:10 -0300


Started GET "/assets/posts.css?body=1" for 127.0.0.1 at 2013-06-28 18:29:10 -0300


Started GET "/assets/jquery.js?body=1" for 127.0.0.1 at 2013-06-28 18:29:10 -0300


Started GET "/assets/jquery_ujs.js?body=1" for 127.0.0.1 at 2013-06-28 18:29:10 -0300


Started GET "/assets/turbolinks.js?body=1" for 127.0.0.1 at 2013-06-28 18:29:10 -0300


Started GET "/assets/posts.js?body=1" for 127.0.0.1 at 2013-06-28 18:29:10 -0300


Started GET "/assets/application.js?body=1" for 127.0.0.1 at 2013-06-28 18:29:10 -0300


Started GET "/" for 127.0.0.1 at 2013-06-28 18:29:10 -0300
Processing by PostsController#index as HTML
  Rendered posts/index.html.slim within layouts/application (0.0ms)
Completed 200 OK in 3ms (Views: 2.4ms | ActiveRecord: 0.0ms)


Started GET "/assets/application.css?body=1" for 127.0.0.1 at 2013-06-28 18:29:10 -0300


Started GET "/assets/posts.css?body=1" for 127.0.0.1 at 2013-06-28 18:29:10 -0300


Started GET "/assets/jquery.js?body=1" for 127.0.0.1 at 2013-06-28 18:29:10 -0300


Started GET "/assets/jquery_ujs.js?body=1" for 127.0.0.1 at 2013-06-28 18:29:10 -0300


Started GET "/assets/turbolinks.js?body=1" for 127.0.0.1 at 2013-06-28 18:29:10 -0300


Started GET "/assets/posts.js?body=1" for 127.0.0.1 at 2013-06-28 18:29:10 -0300


Started GET "/assets/application.js?body=1" for 127.0.0.1 at 2013-06-28 18:29:10 -0300


Started GET "/" for 127.0.0.1 at 2013-06-28 18:29:10 -0300
Processing by PostsController#index as HTML
  Rendered posts/index.html.slim within layouts/application (0.0ms)
Completed 200 OK in 3ms (Views: 2.4ms | ActiveRecord: 0.0ms)


Started GET "/assets/application.css?body=1" for 127.0.0.1 at 2013-06-28 18:29:10 -0300


Started GET "/assets/posts.css?body=1" for 127.0.0.1 at 2013-06-28 18:29:10 -0300


Started GET "/assets/jquery.js?body=1" for 127.0.0.1 at 2013-06-28 18:29:10 -0300


Started GET "/assets/jquery_ujs.js?body=1" for 127.0.0.1 at 2013-06-28 18:29:10 -0300


Started GET "/assets/turbolinks.js?body=1" for 127.0.0.1 at 2013-06-28 18:29:10 -0300


Started GET "/assets/posts.js?body=1" for 127.0.0.1 at 2013-06-28 18:29:10 -0300


Started GET "/assets/application.js?body=1" for 127.0.0.1 at 2013-06-28 18:29:10 -0300


Started GET "/" for 127.0.0.1 at 2013-06-28 18:30:26 -0300
Processing by PostsController#index as HTML
  Rendered posts/index.html.slim within layouts/application (0.0ms)
Completed 200 OK in 3ms (Views: 2.5ms | ActiveRecord: 0.0ms)


Started GET "/assets/application.css?body=1" for 127.0.0.1 at 2013-06-28 18:30:26 -0300


Started GET "/assets/posts.css?body=1" for 127.0.0.1 at 2013-06-28 18:30:26 -0300


Started GET "/assets/jquery.js?body=1" for 127.0.0.1 at 2013-06-28 18:30:26 -0300


Started GET "/assets/jquery_ujs.js?body=1" for 127.0.0.1 at 2013-06-28 18:30:26 -0300


Started GET "/assets/turbolinks.js?body=1" for 127.0.0.1 at 2013-06-28 18:30:26 -0300


Started GET "/assets/posts.js?body=1" for 127.0.0.1 at 2013-06-28 18:30:26 -0300


Started GET "/assets/application.js?body=1" for 127.0.0.1 at 2013-06-28 18:30:26 -0300


Started GET "/" for 127.0.0.1 at 2013-06-28 18:30:32 -0300
Processing by PostsController#index as HTML
  Rendered posts/index.html.slim within layouts/application (0.0ms)
Completed 200 OK in 3ms (Views: 2.5ms | ActiveRecord: 0.0ms)


Started GET "/assets/application.css?body=1" for 127.0.0.1 at 2013-06-28 18:30:32 -0300


Started GET "/assets/posts.css?body=1" for 127.0.0.1 at 2013-06-28 18:30:32 -0300


Started GET "/assets/jquery.js?body=1" for 127.0.0.1 at 2013-06-28 18:30:32 -0300


Started GET "/assets/jquery_ujs.js?body=1" for 127.0.0.1 at 2013-06-28 18:30:32 -0300


Started GET "/assets/turbolinks.js?body=1" for 127.0.0.1 at 2013-06-28 18:30:32 -0300


Started GET "/assets/posts.js?body=1" for 127.0.0.1 at 2013-06-28 18:30:32 -0300


Started GET "/assets/application.js?body=1" for 127.0.0.1 at 2013-06-28 18:30:32 -0300


Started GET "/" for 127.0.0.1 at 2013-06-28 18:30:45 -0300
Processing by PostsController#index as HTML
  Rendered posts/index.html.slim within layouts/application (0.0ms)
Completed 200 OK in 3ms (Views: 2.4ms | ActiveRecord: 0.0ms)


Started GET "/assets/application.css?body=1" for 127.0.0.1 at 2013-06-28 18:30:45 -0300


Started GET "/assets/posts.css?body=1" for 127.0.0.1 at 2013-06-28 18:30:45 -0300


Started GET "/assets/jquery.js?body=1" for 127.0.0.1 at 2013-06-28 18:30:45 -0300


Started GET "/assets/jquery_ujs.js?body=1" for 127.0.0.1 at 2013-06-28 18:30:45 -0300


Started GET "/assets/posts.js?body=1" for 127.0.0.1 at 2013-06-28 18:30:45 -0300


Started GET "/assets/turbolinks.js?body=1" for 127.0.0.1 at 2013-06-28 18:30:45 -0300


Started GET "/assets/application.js?body=1" for 127.0.0.1 at 2013-06-28 18:30:45 -0300
  [1m[36mActiveRecord::SchemaMigration Load (2.6ms)[0m  [1mSELECT "schema_migrations".* FROM "schema_migrations"[0m
  [1m[35mActiveRecord::SchemaMigration Load (0.1ms)[0m  SELECT "schema_migrations".* FROM "schema_migrations"
  [1m[36mActiveRecord::SchemaMigration Load (0.7ms)[0m  [1mSELECT "schema_migrations".* FROM "schema_migrations"[0m
  [1m[35mActiveRecord::SchemaMigration Load (0.1ms)[0m  SELECT "schema_migrations".* FROM "schema_migrations"
  [1m[36m (4.2ms)[0m  [1mCREATE TABLE "schema_migrations" ("version" character varying(255) NOT NULL) [0m
  [1m[35m (2.5ms)[0m  CREATE UNIQUE INDEX "unique_schema_migrations" ON "schema_migrations" ("version")
  [1m[36mActiveRecord::SchemaMigration Load (0.5ms)[0m  [1mSELECT "schema_migrations".* FROM "schema_migrations"[0m
Migrating to CreatePosts (20130628204411)
  [1m[35m (0.2ms)[0m  BEGIN
  [1m[36m (5.3ms)[0m  [1mCREATE TABLE "posts" ("id" serial primary key, "title" character varying(255), "author_id" integer, "contents" text, "created_at" timestamp, "updated_at" timestamp) [0m
  [1m[35mSQL (1.2ms)[0m  INSERT INTO "schema_migrations" ("version") VALUES ($1)  [["version", "20130628204411"]]
  [1m[36m (0.7ms)[0m  [1mCOMMIT[0m
  [1m[35mActiveRecord::SchemaMigration Load (0.4ms)[0m  SELECT "schema_migrations".* FROM "schema_migrations"
  [1m[36mActiveRecord::SchemaMigration Load (0.8ms)[0m  [1mSELECT "schema_migrations".* FROM "schema_migrations"[0m
  [1m[35mActiveRecord::SchemaMigration Load (0.3ms)[0m  SELECT "schema_migrations".* FROM "schema_migrations"


Started GET "/" for 127.0.0.1 at 2013-07-05 23:16:49 -0300
  [1m[36mActiveRecord::SchemaMigration Load (0.4ms)[0m  [1mSELECT "schema_migrations".* FROM "schema_migrations"[0m
Processing by PostsController#index as HTML
  Rendered posts/index.html.slim within layouts/application (37.0ms)
Completed 200 OK in 1133ms (Views: 1105.8ms | ActiveRecord: 0.0ms)


Started GET "/assets/application.css?body=1" for 127.0.0.1 at 2013-07-05 23:16:50 -0300


Started GET "/assets/posts.css?body=1" for 127.0.0.1 at 2013-07-05 23:16:50 -0300


Started GET "/assets/application.js?body=1" for 127.0.0.1 at 2013-07-05 23:16:50 -0300


Started GET "/assets/jquery.js?body=1" for 127.0.0.1 at 2013-07-05 23:16:50 -0300


Started GET "/assets/jquery_ujs.js?body=1" for 127.0.0.1 at 2013-07-05 23:16:50 -0300


Started GET "/assets/turbolinks.js?body=1" for 127.0.0.1 at 2013-07-05 23:16:50 -0300


Started GET "/assets/posts.js?body=1" for 127.0.0.1 at 2013-07-05 23:16:50 -0300
